2025-10-08 10:16:10.791 [info] Reading sessions from keychain...
2025-10-08 10:16:10.791 [info] Getting sessions for all scopes...
2025-10-08 10:16:10.791 [info] Got 0 sessions for ...
2025-10-08 10:16:10.791 [info] Getting sessions for all scopes...
2025-10-08 10:16:10.791 [info] Got 0 sessions for ...
2025-10-08 10:16:10.791 [info] Getting sessions for all scopes...
2025-10-08 10:16:10.791 [info] Got 0 sessions for ...
2025-10-08 10:16:10.791 [info] Getting sessions for all scopes...
2025-10-08 10:16:10.791 [info] Got 0 sessions for ...
2025-10-08 10:16:10.791 [info] Getting sessions for all scopes...
2025-10-08 10:16:10.791 [info] Got 0 sessions for ...
2025-10-08 10:16:10.791 [info] Getting sessions for read:user,repo,user:email,workflow...
2025-10-08 10:16:10.791 [info] Got 0 sessions for read:user,repo,user:email,workflow...
2025-10-08 10:17:52.684 [info] Getting sessions for read:user,repo,user:email,workflow...
2025-10-08 10:17:52.684 [info] Got 0 sessions for read:user,repo,user:email,workflow...
2025-10-08 10:19:25.705 [info] Getting sessions for read:user,repo,user:email,workflow...
2025-10-08 10:19:25.705 [info] Got 0 sessions for read:user,repo,user:email,workflow...
2025-10-08 10:19:37.747 [info] Logging in with 'any' account...
2025-10-08 10:19:37.751 [info] Logging in for the following scopes: read:user repo user:email workflow
2025-10-08 10:19:37.893 [info] Trying device code flow... (read:user repo user:email workflow)
2025-10-08 10:19:38.217 [info] fetching: Electron fetch succeeded (JSON)
2025-10-08 10:21:19.852 [info] Getting user info...
2025-10-08 10:21:20.080 [info] Got account info!
2025-10-08 10:21:20.082 [info] Storing 1 sessions...
2025-10-08 10:21:20.087 [info] Reading sessions from keychain...
2025-10-08 10:21:20.088 [info] Stored 1 sessions!
2025-10-08 10:21:20.088 [info] Login success!
2025-10-08 10:21:20.112 [info] Got stored sessions!
2025-10-08 10:21:20.112 [info] Got 1 verified sessions.
2025-10-08 10:21:20.116 [info] Getting sessions for read:user,repo,user:email,workflow...
2025-10-08 10:21:20.116 [info] Got 1 sessions for read:user,repo,user:email,workflow...
2025-10-08 10:28:53.605 [info] Getting sessions for read:user,repo,user:email,workflow...
2025-10-08 10:28:53.605 [info] Got 1 sessions for read:user,repo,user:email,workflow...
