2025-10-08 10:15:10.314 [info] Extension host with pid 11635 started
2025-10-08 10:15:10.348 [info] ExtensionService#_doActivateExtension vscode.git-base, startup: true, activationEvent: '*', root cause: vscode.git
2025-10-08 10:15:10.359 [info] ExtensionService#_doActivateExtension vscode.git, startup: true, activationEvent: '*'
2025-10-08 10:15:10.445 [info] ExtensionService#_doActivateExtension vscode.github, startup: true, activationEvent: '*'
2025-10-08 10:15:10.634 [info] Eager extensions activated
2025-10-08 10:15:10.648 [info] ExtensionService#_doActivateExtension vscode.debug-auto-launch, startup: false, activationEvent: 'onStartupFinished'
2025-10-08 10:15:10.652 [info] ExtensionService#_doActivateExtension vscode.merge-conflict, startup: false, activationEvent: 'onStartupFinished'
2025-10-08 10:16:06.025 [info] Extension host terminating: renderer closed the MessagePort
2025-10-08 10:16:06.080 [info] Extension host with pid 11635 exiting with code 0
2025-10-08 10:16:09.684 [info] Extension host with pid 11756 started
2025-10-08 10:16:09.684 [info] Skipping acquiring lock for /home/avery/.config/Code - OSS/User/workspaceStorage/d170b6cf0d67b70f8efd9a33462bf4c1.
2025-10-08 10:16:09.728 [info] ExtensionService#_doActivateExtension vscode.git-base, startup: true, activationEvent: '*', root cause: vscode.git
2025-10-08 10:16:09.740 [info] ExtensionService#_doActivateExtension vscode.git, startup: true, activationEvent: '*'
2025-10-08 10:16:09.847 [info] ExtensionService#_doActivateExtension vscode.github, startup: true, activationEvent: '*'
2025-10-08 10:16:10.082 [info] ExtensionService#_doActivateExtension vscode.emmet, startup: false, activationEvent: 'onLanguage'
2025-10-08 10:16:10.227 [info] Eager extensions activated
2025-10-08 10:16:10.339 [info] ExtensionService#_doActivateExtension vscode.debug-auto-launch, startup: false, activationEvent: 'onStartupFinished'
2025-10-08 10:16:10.343 [info] ExtensionService#_doActivateExtension vscode.merge-conflict, startup: false, activationEvent: 'onStartupFinished'
2025-10-08 10:16:10.528 [info] ExtensionService#_doActivateExtension vscode.github-authentication, startup: false, activationEvent: 'onAuthenticationRequest:github'
2025-10-08 10:16:17.248 [info] ExtensionService#_doActivateExtension vscode.extension-editing, startup: false, activationEvent: 'onLanguage:markdown'
2025-10-08 10:16:17.315 [info] ExtensionService#_doActivateExtension vscode.markdown-language-features, startup: false, activationEvent: 'onLanguage:markdown'
2025-10-08 10:16:19.597 [info] ExtensionService#_doActivateExtension vscode.markdown-math, startup: false, activationEvent: 'api', root cause: vscode.markdown-language-features
2025-10-08 10:19:24.429 [info] ExtensionService#_doActivateExtension vscode.configuration-editing, startup: false, activationEvent: 'onLanguage:jsonc'
2025-10-08 10:19:24.460 [info] ExtensionService#_doActivateExtension vscode.json-language-features, startup: false, activationEvent: 'onLanguage:jsonc'
2025-10-08 10:19:24.645 [info] ExtensionService#_doActivateExtension vscode.typescript-language-features, startup: false, activationEvent: 'onLanguage:jsonc'
