2025-10-08 10:03:55.688 [info] Extension host with pid 10450 started
2025-10-08 10:03:55.709 [info] ExtensionService#_doActivateExtension vscode.git-base, startup: true, activationEvent: '*', root cause: vscode.git
2025-10-08 10:03:55.830 [info] ExtensionService#_doActivateExtension vscode.git, startup: true, activationEvent: '*'
2025-10-08 10:03:56.072 [info] ExtensionService#_doActivateExtension vscode.github, startup: true, activationEvent: '*'
2025-10-08 10:03:56.277 [info] Eager extensions activated
2025-10-08 10:03:56.281 [info] ExtensionService#_doActivateExtension vscode.debug-auto-launch, startup: false, activationEvent: 'onStartupFinished'
2025-10-08 10:03:56.291 [info] ExtensionService#_doActivateExtension vscode.merge-conflict, startup: false, activationEvent: 'onStartupFinished'
2025-10-08 10:04:24.760 [info] Extension host terminating: renderer closed the MessagePort
2025-10-08 10:04:24.793 [info] Extension host with pid 10450 exiting with code 0
2025-10-08 10:04:27.902 [info] Extension host with pid 10561 started
2025-10-08 10:04:27.902 [info] Skipping acquiring lock for /home/avery/.config/Code - OSS/User/workspaceStorage/aae499c68faa8de675f48afb42928c7c.
2025-10-08 10:04:28.060 [info] ExtensionService#_doActivateExtension vscode.git-base, startup: true, activationEvent: '*'
2025-10-08 10:04:28.114 [info] ExtensionService#_doActivateExtension vscode.github, startup: true, activationEvent: '*'
2025-10-08 10:04:28.247 [info] Eager extensions activated
2025-10-08 10:04:28.255 [info] ExtensionService#_doActivateExtension vscode.debug-auto-launch, startup: false, activationEvent: 'onStartupFinished'
2025-10-08 10:04:28.263 [info] ExtensionService#_doActivateExtension vscode.merge-conflict, startup: false, activationEvent: 'onStartupFinished'
2025-10-08 10:04:31.548 [info] ExtensionService#_doActivateExtension vscode.git, startup: false, activationEvent: 'api', root cause: vscode.github
2025-10-08 10:05:17.877 [info] ExtensionService#_doActivateExtension vscode.emmet, startup: false, activationEvent: 'onLanguage'
2025-10-08 10:05:54.515 [info] ExtensionService#_doActivateExtension vscode.configuration-editing, startup: false, activationEvent: 'onLanguage:jsonc'
2025-10-08 10:05:54.575 [info] ExtensionService#_doActivateExtension vscode.json-language-features, startup: false, activationEvent: 'onLanguage:jsonc'
2025-10-08 10:05:54.842 [info] ExtensionService#_doActivateExtension vscode.typescript-language-features, startup: false, activationEvent: 'onLanguage:jsonc'
2025-10-08 10:14:12.628 [info] Extension host terminating: renderer closed the MessagePort
2025-10-08 10:14:12.779 [info] Extension host with pid 10561 exiting with code 0
