2025-10-08 10:15:10.620 [info] [main] Log level: Info
2025-10-08 10:15:10.620 [info] [main] Validating found git in: "git"
2025-10-08 10:15:10.620 [info] [main] Using git "2.51.0" from "git"
2025-10-08 10:15:10.620 [info] [Model][doInitialScan] Initial repository scan started
2025-10-08 10:15:10.620 [info] [Model][doInitialScan] Initial repository scan completed - repositories (0), closed repositories (0), parent repositories (0), unsafe repositories (0)
2025-10-08 10:16:09.984 [info] [main] Log level: Info
2025-10-08 10:16:09.984 [info] [main] Validating found git in: "git"
2025-10-08 10:16:09.984 [info] [main] Using git "2.51.0" from "git"
2025-10-08 10:16:09.984 [info] [Model][doInitialScan] Initial repository scan started
2025-10-08 10:16:09.984 [info] > git rev-parse --show-toplevel [22ms]
2025-10-08 10:16:09.996 [info] > git rev-parse --git-dir --git-common-dir --show-superproject-working-tree [5ms]
2025-10-08 10:16:10.025 [info] [Model][openRepository] Opened repository (path): /home/avery/projects/kde-rice-files
2025-10-08 10:16:10.025 [info] [Model][openRepository] Opened repository (real path): /home/avery/projects/kde-rice-files
2025-10-08 10:16:10.025 [info] [Model][openRepository] Opened repository (kind): repository
2025-10-08 10:16:10.031 [info] [Model][doInitialScan] Initial repository scan completed - repositories (1), closed repositories (0), parent repositories (0), unsafe repositories (0)
2025-10-08 10:16:10.055 [info] > git config --get commit.template [12ms]
2025-10-08 10:16:10.075 [info] > git for-each-ref --format=%(refname)%00%(upstream:short)%00%(objectname)%00%(upstream:track)%00%(upstream:remotename)%00%(upstream:remoteref) refs/heads/main refs/remotes/main [3ms]
2025-10-08 10:16:10.159 [warning] [Git][revParse] Unable to read file: ENOENT: no such file or directory, open '/home/avery/projects/kde-rice-files/.git/refs/remotes/origin/main'
2025-10-08 10:16:10.230 [info] > git rev-parse refs/remotes/origin/main [72ms]
2025-10-08 10:16:10.265 [info] > git status -z -uall [25ms]
2025-10-08 10:16:10.266 [info] > git for-each-ref --sort -committerdate --format %(refname)%00%(objectname)%00%(*objectname) [18ms]
2025-10-08 10:16:10.408 [info] > git for-each-ref --format=%(refname)%00%(upstream:short)%00%(objectname)%00%(upstream:track)%00%(upstream:remotename)%00%(upstream:remoteref) refs/heads/main refs/remotes/main [80ms]
2025-10-08 10:16:10.434 [info] > git config --get --local branch.main.vscode-merge-base [18ms]
2025-10-08 10:16:10.435 [warning] [Git][config] git config failed: Failed to execute git
2025-10-08 10:16:10.445 [info] > git config --get commit.template [46ms]
2025-10-08 10:16:10.460 [info] > git reflog main --grep-reflog=branch: Created from *. [15ms]
2025-10-08 10:16:10.469 [info] > git for-each-ref --format=%(refname)%00%(upstream:short)%00%(objectname)%00%(upstream:track)%00%(upstream:remotename)%00%(upstream:remoteref) refs/heads/main refs/remotes/main [10ms]
2025-10-08 10:16:10.474 [warning] [Git][revParse] Unable to read file: ENOENT: no such file or directory, open '/home/avery/projects/kde-rice-files/.git/refs/remotes/origin/main'
2025-10-08 10:16:10.475 [info] > git symbolic-ref --short refs/remotes/origin/HEAD [8ms]
2025-10-08 10:16:10.482 [info] > git rev-parse refs/remotes/origin/main [8ms]
2025-10-08 10:16:10.495 [info] > git status -z -uall [7ms]
2025-10-08 10:16:10.495 [info] > git for-each-ref --format=%(refname)%00%(upstream:short)%00%(objectname)%00%(upstream:track)%00%(upstream:remotename)%00%(upstream:remoteref) refs/heads/origin/main refs/remotes/origin/main [14ms]
2025-10-08 10:16:10.505 [info] > git for-each-ref --sort -committerdate --format %(refname)%00%(objectname)%00%(*objectname) [12ms]
2025-10-08 10:16:10.512 [info] > git config --add --local branch.main.vscode-merge-base origin/main [8ms]
2025-10-08 10:16:10.521 [info] > git config --get commit.template [1ms]
2025-10-08 10:16:10.624 [info] > git for-each-ref --format=%(refname)%00%(upstream:short)%00%(objectname)%00%(upstream:track)%00%(upstream:remotename)%00%(upstream:remoteref) refs/heads/main refs/remotes/main [98ms]
2025-10-08 10:16:10.650 [warning] [Git][revParse] Unable to read file: ENOENT: no such file or directory, open '/home/avery/projects/kde-rice-files/.git/refs/remotes/origin/main'
2025-10-08 10:16:10.679 [info] > git check-ignore -v -z --stdin [16ms]
2025-10-08 10:16:10.681 [info] > git rev-parse refs/remotes/origin/main [31ms]
2025-10-08 10:16:10.717 [info] > git status -z -uall [27ms]
2025-10-08 10:16:10.717 [info] > git for-each-ref --sort -committerdate --format %(refname)%00%(objectname)%00%(*objectname) [12ms]
2025-10-08 10:16:10.757 [info] > git merge-base refs/heads/main refs/remotes/origin/main [21ms]
2025-10-08 10:16:10.772 [info] > git merge-base refs/heads/main refs/remotes/origin/main [26ms]
2025-10-08 10:16:10.787 [info] > git diff --name-status -z --diff-filter=ADMR 0d3af41dbbb1ace84e51bb3c48dcb7444630a468...refs/remotes/origin/main [15ms]
2025-10-08 10:16:10.792 [info] > git diff --name-status -z --diff-filter=ADMR 0d3af41dbbb1ace84e51bb3c48dcb7444630a468...refs/remotes/origin/main [8ms]
2025-10-08 10:16:18.458 [info] > git show --textconv :README.md [35ms]
2025-10-08 10:16:18.465 [info] > git ls-files --stage -- README.md [8ms]
2025-10-08 10:16:18.505 [info] > git cat-file -s b9d179cae5ef06d5f1880488a3f49805b2767fb3 [25ms]
2025-10-08 10:16:52.280 [info] > git blame --root --incremental 0d3af41dbbb1ace84e51bb3c48dcb7444630a468 -- README.md [7ms]
2025-10-08 10:17:31.231 [info] > git config --get commit.template [34ms]
2025-10-08 10:17:31.242 [info] > git for-each-ref --format=%(refname)%00%(upstream:short)%00%(objectname)%00%(upstream:track)%00%(upstream:remotename)%00%(upstream:remoteref) refs/heads/main refs/remotes/main [14ms]
2025-10-08 10:17:31.265 [warning] [Git][revParse] Unable to read file: ENOENT: no such file or directory, open '/home/avery/projects/kde-rice-files/.git/refs/remotes/origin/main'
2025-10-08 10:17:31.278 [info] > git rev-parse refs/remotes/origin/main [14ms]
2025-10-08 10:17:31.326 [info] > git status -z -uall [29ms]
2025-10-08 10:17:31.331 [info] > git for-each-ref --sort -committerdate --format %(refname)%00%(objectname)%00%(*objectname) [10ms]
2025-10-08 10:17:50.726 [info] > git config --get commit.template [45ms]
2025-10-08 10:17:50.740 [info] > git for-each-ref --format=%(refname)%00%(upstream:short)%00%(objectname)%00%(upstream:track)%00%(upstream:remotename)%00%(upstream:remoteref) refs/heads/main refs/remotes/main [19ms]
2025-10-08 10:17:50.791 [warning] [Git][revParse] Unable to read file: ENOENT: no such file or directory, open '/home/avery/projects/kde-rice-files/.git/refs/remotes/origin/main'
2025-10-08 10:17:50.800 [info] > git rev-parse refs/remotes/origin/main [9ms]
2025-10-08 10:17:50.834 [info] > git status -z -uall [12ms]
2025-10-08 10:17:50.836 [info] > git for-each-ref --sort -committerdate --format %(refname)%00%(objectname)%00%(*objectname) [3ms]
2025-10-08 10:17:52.212 [info] > git log --format=%H%n%aN%n%aE%n%at%n%ct%n%P%n%D%n%B -z --shortstat --diff-merges=first-parent -n50 --skip=0 --topo-order --decorate=full --stdin [10ms]
2025-10-08 10:17:55.073 [info] > git log --format=%H%n%aN%n%aE%n%at%n%ct%n%P%n%D%n%B -z --shortstat --diff-merges=first-parent -n50 --skip=0 --topo-order --decorate=full --stdin [9ms]
2025-10-08 10:18:06.258 [info] > git add -A -- README.md [9ms]
2025-10-08 10:18:06.295 [info] > git config --get commit.template [17ms]
2025-10-08 10:18:06.299 [info] > git for-each-ref --format=%(refname)%00%(upstream:short)%00%(objectname)%00%(upstream:track)%00%(upstream:remotename)%00%(upstream:remoteref) refs/heads/main refs/remotes/main [6ms]
2025-10-08 10:18:06.312 [warning] [Git][revParse] Unable to read file: ENOENT: no such file or directory, open '/home/avery/projects/kde-rice-files/.git/refs/remotes/origin/main'
2025-10-08 10:18:06.316 [info] > git rev-parse refs/remotes/origin/main [4ms]
2025-10-08 10:18:06.350 [info] > git status -z -uall [21ms]
2025-10-08 10:18:06.354 [info] > git for-each-ref --sort -committerdate --format %(refname)%00%(objectname)%00%(*objectname) [8ms]
2025-10-08 10:18:06.710 [info] > git show --textconv HEAD:README.md [21ms]
2025-10-08 10:18:06.715 [info] > git ls-tree -l HEAD -- README.md [7ms]
2025-10-08 10:18:07.504 [info] > git ls-files --stage -- README.md [27ms]
2025-10-08 10:18:07.531 [info] > git ls-tree -l HEAD -- README.md [31ms]
2025-10-08 10:18:07.542 [info] > git cat-file -s 145b30540e230e89b13250eeed758d16e04a4242 [12ms]
2025-10-08 10:18:07.590 [info] > git show --textconv HEAD:README.md [24ms]
2025-10-08 10:18:07.611 [info] > git show --textconv :README.md [17ms]
2025-10-08 10:18:25.221 [info] > git -c user.useConfigOnly=true commit --quiet --allow-empty-message --file - [32ms]
2025-10-08 10:18:25.250 [info] > git config --get commit.template [7ms]
2025-10-08 10:18:25.284 [info] > git config --get commit.template [6ms]
2025-10-08 10:18:25.327 [info] > git for-each-ref --format=%(refname)%00%(upstream:short)%00%(objectname)%00%(upstream:track)%00%(upstream:remotename)%00%(upstream:remoteref) refs/heads/main refs/remotes/main [8ms]
2025-10-08 10:18:25.351 [warning] [Git][revParse] Unable to read file: ENOENT: no such file or directory, open '/home/avery/projects/kde-rice-files/.git/refs/remotes/origin/main'
2025-10-08 10:18:25.363 [info] > git rev-parse refs/remotes/origin/main [12ms]
2025-10-08 10:18:25.405 [info] > git status -z -uall [23ms]
2025-10-08 10:18:25.408 [info] > git for-each-ref --sort -committerdate --format %(refname)%00%(objectname)%00%(*objectname) [7ms]
2025-10-08 10:18:25.458 [info] > git merge-base refs/heads/main refs/remotes/origin/main [8ms]
2025-10-08 10:18:25.468 [info] > git blame --root --incremental 2e13d2680b1b021924b0f92481cd1b2da721bf50 -- README.md [34ms]
2025-10-08 10:18:25.474 [info] > git diff --name-status -z --diff-filter=ADMR 0d3af41dbbb1ace84e51bb3c48dcb7444630a468...refs/remotes/origin/main [6ms]
2025-10-08 10:18:25.544 [info] > git log --format=%H%n%aN%n%aE%n%at%n%ct%n%P%n%D%n%B -z --shortstat --diff-merges=first-parent -n50 --skip=0 --topo-order --decorate=full --stdin [6ms]
2025-10-08 10:18:25.575 [info] > git config --get commit.template [2ms]
2025-10-08 10:18:25.591 [info] > git for-each-ref --format=%(refname)%00%(upstream:short)%00%(objectname)%00%(upstream:track)%00%(upstream:remotename)%00%(upstream:remoteref) refs/heads/main refs/remotes/main [5ms]
2025-10-08 10:18:25.605 [warning] [Git][revParse] Unable to read file: ENOENT: no such file or directory, open '/home/avery/projects/kde-rice-files/.git/refs/remotes/origin/main'
2025-10-08 10:18:25.608 [info] > git rev-parse refs/remotes/origin/main [3ms]
2025-10-08 10:18:25.635 [info] > git status -z -uall [12ms]
2025-10-08 10:18:25.640 [info] > git for-each-ref --sort -committerdate --format %(refname)%00%(objectname)%00%(*objectname) [8ms]
2025-10-08 10:18:26.543 [info] > git ls-files --stage -- README.md [12ms]
2025-10-08 10:18:26.567 [info] > git cat-file -s 145b30540e230e89b13250eeed758d16e04a4242 [6ms]
2025-10-08 10:18:26.595 [info] > git show --textconv :README.md [9ms]
2025-10-08 10:19:24.959 [info] > git log --oneline --cherry main...main@{upstream} -- [109ms]
2025-10-08 10:19:25.186 [info] > git pull --tags origin main [214ms]
2025-10-08 10:19:25.186 [info] From https://github.com/averytheaxolotl/kde-rice-files
 * branch            main       -> FETCH_HEAD
2025-10-08 10:19:37.895 [info] > git ls-files --stage -- README.md [26ms]
2025-10-08 10:19:37.908 [info] > git cat-file -s 145b30540e230e89b13250eeed758d16e04a4242 [3ms]
2025-10-08 10:19:37.926 [info] > git show --textconv :README.md [4ms]
2025-10-08 10:21:21.167 [info] > git push origin main:main [115975ms]
2025-10-08 10:21:21.167 [info] To https://github.com/averytheaxolotl/kde-rice-files.git
   0d3af41..2e13d26  main -> main
2025-10-08 10:21:21.200 [info] > git config --get commit.template [23ms]
2025-10-08 10:21:21.229 [info] > git for-each-ref --format=%(refname)%00%(upstream:short)%00%(objectname)%00%(upstream:track)%00%(upstream:remotename)%00%(upstream:remoteref) refs/heads/main refs/remotes/main [22ms]
2025-10-08 10:21:21.267 [info] > git status -z -uall [25ms]
2025-10-08 10:21:21.267 [info] > git for-each-ref --sort -committerdate --format %(refname)%00%(objectname)%00%(*objectname) [12ms]
2025-10-08 10:21:21.348 [info] > git merge-base refs/heads/main refs/remotes/origin/main [40ms]
2025-10-08 10:21:21.482 [info] > git diff --name-status -z --diff-filter=ADMR 2e13d2680b1b021924b0f92481cd1b2da721bf50...refs/remotes/origin/main [105ms]
2025-10-08 10:21:21.497 [info] > git log --format=%H%n%aN%n%aE%n%at%n%ct%n%P%n%D%n%B -z --shortstat --diff-merges=first-parent -n50 --skip=0 --topo-order --decorate=full --stdin [50ms]
2025-10-08 10:23:11.269 [info] > git config --get commit.template [40ms]
2025-10-08 10:23:11.276 [info] > git ls-files --stage -- README.md [11ms]
2025-10-08 10:23:11.301 [info] > git cat-file -s 145b30540e230e89b13250eeed758d16e04a4242 [14ms]
2025-10-08 10:23:11.303 [info] > git for-each-ref --format=%(refname)%00%(upstream:short)%00%(objectname)%00%(upstream:track)%00%(upstream:remotename)%00%(upstream:remoteref) refs/heads/main refs/remotes/main [4ms]
2025-10-08 10:23:11.338 [info] > git show --textconv :README.md [22ms]
2025-10-08 10:23:11.338 [info] > git status -z -uall [11ms]
2025-10-08 10:23:11.341 [info] > git for-each-ref --sort -committerdate --format %(refname)%00%(objectname)%00%(*objectname) [4ms]
2025-10-08 10:23:11.759 [info] > git fetch [586ms]
2025-10-08 10:23:11.813 [info] > git config --get commit.template [28ms]
2025-10-08 10:23:11.815 [info] > git for-each-ref --format=%(refname)%00%(upstream:short)%00%(objectname)%00%(upstream:track)%00%(upstream:remotename)%00%(upstream:remoteref) refs/heads/main refs/remotes/main [9ms]
2025-10-08 10:23:11.861 [info] > git status -z -uall [24ms]
2025-10-08 10:23:11.866 [info] > git for-each-ref --sort -committerdate --format %(refname)%00%(objectname)%00%(*objectname) [7ms]
2025-10-08 10:23:27.663 [info] > git ls-files --stage -- README.md [18ms]
2025-10-08 10:23:27.699 [info] > git cat-file -s 145b30540e230e89b13250eeed758d16e04a4242 [14ms]
2025-10-08 10:23:27.739 [info] > git show --textconv :README.md [6ms]
2025-10-08 10:24:05.424 [info] > git check-ignore -v -z --stdin [4ms]
2025-10-08 10:24:09.047 [info] > git config --get commit.template [49ms]
2025-10-08 10:24:09.058 [info] > git for-each-ref --format=%(refname)%00%(upstream:short)%00%(objectname)%00%(upstream:track)%00%(upstream:remotename)%00%(upstream:remoteref) refs/heads/main refs/remotes/main [19ms]
2025-10-08 10:24:09.147 [info] > git status -z -uall [46ms]
2025-10-08 10:24:09.150 [info] > git for-each-ref --sort -committerdate --format %(refname)%00%(objectname)%00%(*objectname) [4ms]
2025-10-08 10:24:17.258 [info] > git check-ignore -v -z --stdin [10ms]
2025-10-08 10:24:34.808 [info] > git config --get commit.template [61ms]
2025-10-08 10:24:34.813 [info] > git for-each-ref --format=%(refname)%00%(upstream:short)%00%(objectname)%00%(upstream:track)%00%(upstream:remotename)%00%(upstream:remoteref) refs/heads/main refs/remotes/main [11ms]
2025-10-08 10:24:34.850 [info] > git status -z -uall [20ms]
2025-10-08 10:24:34.855 [info] > git for-each-ref --sort -committerdate --format %(refname)%00%(objectname)%00%(*objectname) [7ms]
2025-10-08 10:24:52.445 [info] > git check-ignore -v -z --stdin [7ms]
2025-10-08 10:24:52.991 [info] > git config --get commit.template [26ms]
2025-10-08 10:24:52.994 [info] > git for-each-ref --format=%(refname)%00%(upstream:short)%00%(objectname)%00%(upstream:track)%00%(upstream:remotename)%00%(upstream:remoteref) refs/heads/main refs/remotes/main [8ms]
2025-10-08 10:24:53.039 [info] > git status -z -uall [24ms]
2025-10-08 10:24:53.044 [info] > git for-each-ref --sort -committerdate --format %(refname)%00%(objectname)%00%(*objectname) [7ms]
2025-10-08 10:26:11.132 [info] > git check-ignore -v -z --stdin [8ms]
2025-10-08 10:26:11.703 [info] > git config --get commit.template [20ms]
2025-10-08 10:26:11.708 [info] > git for-each-ref --format=%(refname)%00%(upstream:short)%00%(objectname)%00%(upstream:track)%00%(upstream:remotename)%00%(upstream:remoteref) refs/heads/main refs/remotes/main [7ms]
2025-10-08 10:26:11.755 [info] > git status -z -uall [27ms]
2025-10-08 10:26:11.759 [info] > git for-each-ref --sort -committerdate --format %(refname)%00%(objectname)%00%(*objectname) [10ms]
2025-10-08 10:26:12.176 [info] > git fetch [274ms]
2025-10-08 10:26:12.200 [info] > git config --get commit.template [12ms]
2025-10-08 10:26:12.202 [info] > git for-each-ref --format=%(refname)%00%(upstream:short)%00%(objectname)%00%(upstream:track)%00%(upstream:remotename)%00%(upstream:remoteref) refs/heads/main refs/remotes/main [3ms]
2025-10-08 10:26:12.224 [info] > git status -z -uall [12ms]
2025-10-08 10:26:12.226 [info] > git for-each-ref --sort -committerdate --format %(refname)%00%(objectname)%00%(*objectname) [5ms]
2025-10-08 10:26:17.201 [info] > git config --get commit.template [65ms]
2025-10-08 10:26:17.222 [info] > git ls-files --stage -- README.md [24ms]
2025-10-08 10:26:17.235 [info] > git for-each-ref --format=%(refname)%00%(upstream:short)%00%(objectname)%00%(upstream:track)%00%(upstream:remotename)%00%(upstream:remoteref) refs/heads/main refs/remotes/main [15ms]
2025-10-08 10:26:17.240 [info] > git cat-file -s 145b30540e230e89b13250eeed758d16e04a4242 [6ms]
2025-10-08 10:26:17.285 [info] > git status -z -uall [20ms]
2025-10-08 10:26:17.300 [info] > git for-each-ref --sort -committerdate --format %(refname)%00%(objectname)%00%(*objectname) [16ms]
2025-10-08 10:26:17.366 [info] > git show --textconv :README.md [15ms]
2025-10-08 10:26:22.724 [info] > git check-ignore -v -z --stdin [5ms]
2025-10-08 10:26:23.318 [info] > git config --get commit.template [25ms]
2025-10-08 10:26:23.323 [info] > git for-each-ref --format=%(refname)%00%(upstream:short)%00%(objectname)%00%(upstream:track)%00%(upstream:remotename)%00%(upstream:remoteref) refs/heads/main refs/remotes/main [7ms]
2025-10-08 10:26:23.370 [info] > git status -z -uall [25ms]
2025-10-08 10:26:23.380 [info] > git for-each-ref --sort -committerdate --format %(refname)%00%(objectname)%00%(*objectname) [11ms]
2025-10-08 10:26:36.254 [info] > git check-ignore -v -z --stdin [6ms]
2025-10-08 10:26:36.815 [info] > git config --get commit.template [40ms]
2025-10-08 10:26:36.819 [info] > git for-each-ref --format=%(refname)%00%(upstream:short)%00%(objectname)%00%(upstream:track)%00%(upstream:remotename)%00%(upstream:remoteref) refs/heads/main refs/remotes/main [9ms]
2025-10-08 10:26:36.882 [info] > git status -z -uall [36ms]
2025-10-08 10:26:36.890 [info] > git for-each-ref --sort -committerdate --format %(refname)%00%(objectname)%00%(*objectname) [13ms]
2025-10-08 10:27:28.849 [info] > git check-ignore -v -z --stdin [10ms]
2025-10-08 10:27:29.387 [info] > git config --get commit.template [19ms]
2025-10-08 10:27:29.391 [info] > git for-each-ref --format=%(refname)%00%(upstream:short)%00%(objectname)%00%(upstream:track)%00%(upstream:remotename)%00%(upstream:remoteref) refs/heads/main refs/remotes/main [6ms]
2025-10-08 10:27:29.424 [info] > git status -z -uall [18ms]
2025-10-08 10:27:29.430 [info] > git for-each-ref --sort -committerdate --format %(refname)%00%(objectname)%00%(*objectname) [8ms]
2025-10-08 10:28:15.930 [info] > git log --format=%H%n%aN%n%aE%n%at%n%ct%n%P%n%D%n%B -z --shortstat --diff-merges=first-parent -n50 --skip=0 --topo-order --decorate=full --stdin [12ms]
2025-10-08 10:28:16.582 [info] > git check-ignore -v -z --stdin [11ms]
2025-10-08 10:28:18.790 [info] > git add -A -- dotfiles/.config/KDE/UserFeedback.conf dotfiles/.config/KDE/UserFeedback.org.kde.plasma-welcome.conf dotfiles/.config/fastfetch/config.jsonc dotfiles/.config/fontconfig/conf.d/99-cutefish.conf dotfiles/.config/kitty/current-theme.conf dotfiles/.config/kitty/kitty.conf dotfiles/.config/kitty/kitty.conf.bak [126ms]
2025-10-08 10:28:18.831 [info] > git config --get commit.template [20ms]
2025-10-08 10:28:18.836 [info] > git for-each-ref --format=%(refname)%00%(upstream:short)%00%(objectname)%00%(upstream:track)%00%(upstream:remotename)%00%(upstream:remoteref) refs/heads/main refs/remotes/main [7ms]
2025-10-08 10:28:18.876 [info] > git status -z -uall [23ms]
2025-10-08 10:28:18.884 [info] > git for-each-ref --sort -committerdate --format %(refname)%00%(objectname)%00%(*objectname) [11ms]
2025-10-08 10:28:19.973 [info] > git config --get commit.template [29ms]
2025-10-08 10:28:19.981 [info] > git for-each-ref --format=%(refname)%00%(upstream:short)%00%(objectname)%00%(upstream:track)%00%(upstream:remotename)%00%(upstream:remoteref) refs/heads/main refs/remotes/main [10ms]
2025-10-08 10:28:20.036 [info] > git status -z -uall [32ms]
2025-10-08 10:28:20.042 [info] > git for-each-ref --sort -committerdate --format %(refname)%00%(objectname)%00%(*objectname) [12ms]
2025-10-08 10:28:20.102 [info] > git ls-files --stage -- README.md [16ms]
2025-10-08 10:28:20.134 [info] > git cat-file -s 145b30540e230e89b13250eeed758d16e04a4242 [10ms]
2025-10-08 10:28:20.178 [info] > git show --textconv :README.md [15ms]
2025-10-08 10:28:45.045 [info] > git -c user.useConfigOnly=true commit --quiet --allow-empty-message --file - [28ms]
2025-10-08 10:28:45.071 [info] > git config --get commit.template [6ms]
2025-10-08 10:28:45.132 [info] > git config --get commit.template [35ms]
2025-10-08 10:28:45.136 [info] > git for-each-ref --format=%(refname)%00%(upstream:short)%00%(objectname)%00%(upstream:track)%00%(upstream:remotename)%00%(upstream:remoteref) refs/heads/main refs/remotes/main [15ms]
2025-10-08 10:28:45.213 [info] > git status -z -uall [34ms]
2025-10-08 10:28:45.213 [info] > git for-each-ref --sort -committerdate --format %(refname)%00%(objectname)%00%(*objectname) [11ms]
2025-10-08 10:28:45.272 [info] > git merge-base refs/heads/main refs/remotes/origin/main [11ms]
2025-10-08 10:28:45.282 [info] > git blame --root --incremental bd43122b14a8961406de5c041b9dc84a02b21b1d -- README.md [35ms]
2025-10-08 10:28:45.286 [info] > git diff --name-status -z --diff-filter=ADMR 2e13d2680b1b021924b0f92481cd1b2da721bf50...refs/remotes/origin/main [4ms]
2025-10-08 10:28:45.358 [info] > git log --format=%H%n%aN%n%aE%n%at%n%ct%n%P%n%D%n%B -z --shortstat --diff-merges=first-parent -n50 --skip=0 --topo-order --decorate=full --stdin [26ms]
2025-10-08 10:28:45.362 [info] > git config --get commit.template [4ms]
2025-10-08 10:28:45.378 [info] > git for-each-ref --format=%(refname)%00%(upstream:short)%00%(objectname)%00%(upstream:track)%00%(upstream:remotename)%00%(upstream:remoteref) refs/heads/main refs/remotes/main [2ms]
2025-10-08 10:28:45.402 [info] > git status -z -uall [13ms]
2025-10-08 10:28:45.409 [info] > git for-each-ref --sort -committerdate --format %(refname)%00%(objectname)%00%(*objectname) [8ms]
2025-10-08 10:28:50.256 [info] > git ls-files --stage -- README.md [15ms]
2025-10-08 10:28:50.364 [info] > git cat-file -s 145b30540e230e89b13250eeed758d16e04a4242 [13ms]
2025-10-08 10:28:50.418 [info] > git show --textconv :README.md [5ms]
2025-10-08 10:28:52.552 [info] > git log --oneline --cherry main...main@{upstream} -- [11ms]
2025-10-08 10:28:52.957 [info] > git pull --tags origin main [377ms]
2025-10-08 10:28:52.957 [info] From https://github.com/averytheaxolotl/kde-rice-files
 * branch            main       -> FETCH_HEAD
2025-10-08 10:28:54.203 [info] > git ls-files --stage -- README.md [10ms]
2025-10-08 10:28:54.234 [info] > git cat-file -s 145b30540e230e89b13250eeed758d16e04a4242 [7ms]
2025-10-08 10:28:54.284 [info] > git show --textconv :README.md [12ms]
2025-10-08 10:28:54.568 [info] > git push origin main:main [1540ms]
2025-10-08 10:28:54.568 [info] To https://github.com/averytheaxolotl/kde-rice-files.git
   2e13d26..bd43122  main -> main
2025-10-08 10:28:54.643 [info] > git config --get commit.template [15ms]
2025-10-08 10:28:54.693 [info] > git for-each-ref --format=%(refname)%00%(upstream:short)%00%(objectname)%00%(upstream:track)%00%(upstream:remotename)%00%(upstream:remoteref) refs/heads/main refs/remotes/main [14ms]
2025-10-08 10:28:54.747 [info] > git status -z -uall [25ms]
2025-10-08 10:28:54.750 [info] > git for-each-ref --sort -committerdate --format %(refname)%00%(objectname)%00%(*objectname) [5ms]
2025-10-08 10:28:54.792 [info] > git merge-base refs/heads/main refs/remotes/origin/main [7ms]
2025-10-08 10:28:54.810 [info] > git diff --name-status -z --diff-filter=ADMR bd43122b14a8961406de5c041b9dc84a02b21b1d...refs/remotes/origin/main [5ms]
2025-10-08 10:28:54.850 [info] > git log --format=%H%n%aN%n%aE%n%at%n%ct%n%P%n%D%n%B -z --shortstat --diff-merges=first-parent -n50 --skip=0 --topo-order --decorate=full --stdin [16ms]
2025-10-08 10:30:06.185 [info] > git ls-files --stage -- README.md [21ms]
2025-10-08 10:30:06.221 [info] > git cat-file -s 145b30540e230e89b13250eeed758d16e04a4242 [10ms]
2025-10-08 10:30:06.246 [info] > git show --textconv :README.md [4ms]
2025-10-08 10:30:06.683 [info] > git fetch [625ms]
2025-10-08 10:30:06.738 [info] > git config --get commit.template [27ms]
2025-10-08 10:30:06.750 [info] > git for-each-ref --format=%(refname)%00%(upstream:short)%00%(objectname)%00%(upstream:track)%00%(upstream:remotename)%00%(upstream:remoteref) refs/heads/main refs/remotes/main [15ms]
2025-10-08 10:30:06.816 [info] > git status -z -uall [39ms]
2025-10-08 10:30:06.825 [info] > git for-each-ref --sort -committerdate --format %(refname)%00%(objectname)%00%(*objectname) [15ms]
2025-10-08 10:30:07.887 [info] > git ls-files --stage -- README.md [7ms]
2025-10-08 10:30:07.927 [info] > git cat-file -s 145b30540e230e89b13250eeed758d16e04a4242 [7ms]
2025-10-08 10:30:07.965 [info] > git show --textconv :README.md [6ms]
2025-10-08 10:30:42.065 [info] > git check-ignore -v -z --stdin [8ms]
2025-10-08 10:30:43.682 [info] > git config --get commit.template [35ms]
2025-10-08 10:30:43.683 [info] > git for-each-ref --format=%(refname)%00%(upstream:short)%00%(objectname)%00%(upstream:track)%00%(upstream:remotename)%00%(upstream:remoteref) refs/heads/main refs/remotes/main [6ms]
2025-10-08 10:30:43.747 [info] > git status -z -uall [38ms]
2025-10-08 10:30:43.748 [info] > git for-each-ref --sort -committerdate --format %(refname)%00%(objectname)%00%(*objectname) [18ms]
